[2025-10-12 18:28:36.228] [jointLog] [info] setting maxHashResizeThreads to 28
[2025-10-12 18:28:36.228] [jointLog] [info] Fragment incompatibility prior below threshold.  Incompatible fragments will be ignored.
[2025-10-12 18:28:36.228] [jointLog] [info] Usage of --validateMappings implies use of minScoreFraction. Since not explicitly specified, it is being set to 0.65
[2025-10-12 18:28:36.228] [jointLog] [info] Setting consensusSlack to selective-alignment default of 0.35.
[2025-10-12 18:28:36.228] [jointLog] [info] parsing read library format
[2025-10-12 18:28:36.228] [jointLog] [info] There is 1 library.
[2025-10-12 18:28:36.228] [jointLog] [info] Loading pufferfish index
[2025-10-12 18:28:36.228] [jointLog] [info] Loading dense pufferfish index.
[2025-10-12 18:29:00.863] [jointLog] [info] done
[2025-10-12 18:29:00.907] [jointLog] [info] Index contained 238,636 targets
[2025-10-12 18:29:00.942] [jointLog] [info] Number of decoys : 194
[2025-10-12 18:29:00.942] [jointLog] [info] First decoy index : 238,404 
[2025-10-12 18:29:01.162] [jointLog] [info] Automatically detected most likely library type as IU

[2025-10-12 18:29:36.973] [jointLog] [info] Computed 480,298 rich equivalence classes for further processing
[2025-10-12 18:29:36.973] [jointLog] [info] Counted 21,894,038 total reads in the equivalence classes 
[2025-10-12 18:29:37.000] [jointLog] [info] Number of mappings discarded because of alignment score : 10,937,957
[2025-10-12 18:29:37.000] [jointLog] [info] Number of fragments entirely discarded because of alignment score : 627,463
[2025-10-12 18:29:37.000] [jointLog] [info] Number of fragments discarded because they are best-mapped to decoys : 401,033
[2025-10-12 18:29:37.000] [jointLog] [info] Number of fragments discarded because they have only dovetail (discordant) mappings to valid targets : 160,352
[2025-10-12 18:29:37.000] [jointLog] [info] Mapping rate = 90.7449%

[2025-10-12 18:29:37.000] [jointLog] [info] finished quantifyLibrary()
[2025-10-12 18:29:37.000] [jointLog] [info] Starting optimizer
[2025-10-12 18:29:37.098] [jointLog] [info] Marked 0 weighted equivalence classes as degenerate
[2025-10-12 18:29:37.110] [jointLog] [info] iteration = 0 | max rel diff. = 5159.67
[2025-10-12 18:29:36.973] [fileLog] [info] 
At end of round 0
==================
Observed 24127014 total fragments (24127014 in most recent round)

[2025-10-12 18:29:38.290] [jointLog] [info] iteration = 100 | max rel diff. = 20.8496
[2025-10-12 18:29:39.449] [jointLog] [info] iteration = 200 | max rel diff. = 15.1566
[2025-10-12 18:29:40.613] [jointLog] [info] iteration = 300 | max rel diff. = 17.6816
[2025-10-12 18:29:41.780] [jointLog] [info] iteration = 400 | max rel diff. = 5.51782
[2025-10-12 18:29:42.938] [jointLog] [info] iteration = 500 | max rel diff. = 4.54363
[2025-10-12 18:29:44.104] [jointLog] [info] iteration = 600 | max rel diff. = 4.72366
[2025-10-12 18:29:45.274] [jointLog] [info] iteration = 700 | max rel diff. = 0.971889
[2025-10-12 18:29:46.447] [jointLog] [info] iteration = 800 | max rel diff. = 18.45
[2025-10-12 18:29:47.606] [jointLog] [info] iteration = 900 | max rel diff. = 0.45874
[2025-10-12 18:29:48.758] [jointLog] [info] iteration = 1,000 | max rel diff. = 1.85888
[2025-10-12 18:29:49.921] [jointLog] [info] iteration = 1,100 | max rel diff. = 5.72218
[2025-10-12 18:29:51.077] [jointLog] [info] iteration = 1,200 | max rel diff. = 0.643853
[2025-10-12 18:29:52.239] [jointLog] [info] iteration = 1,300 | max rel diff. = 0.44369
[2025-10-12 18:29:53.408] [jointLog] [info] iteration = 1,400 | max rel diff. = 0.0937568
[2025-10-12 18:29:54.574] [jointLog] [info] iteration = 1,500 | max rel diff. = 0.897287
[2025-10-12 18:29:55.739] [jointLog] [info] iteration = 1,600 | max rel diff. = 0.277176
[2025-10-12 18:29:56.907] [jointLog] [info] iteration = 1,700 | max rel diff. = 0.188117
[2025-10-12 18:29:58.076] [jointLog] [info] iteration = 1,800 | max rel diff. = 0.237431
[2025-10-12 18:29:59.239] [jointLog] [info] iteration = 1,900 | max rel diff. = 2.39634
[2025-10-12 18:30:00.404] [jointLog] [info] iteration = 2,000 | max rel diff. = 0.0591955
[2025-10-12 18:30:01.557] [jointLog] [info] iteration = 2,100 | max rel diff. = 0.169059
[2025-10-12 18:30:02.718] [jointLog] [info] iteration = 2,200 | max rel diff. = 0.218768
[2025-10-12 18:30:03.885] [jointLog] [info] iteration = 2,300 | max rel diff. = 0.162941
[2025-10-12 18:30:05.057] [jointLog] [info] iteration = 2,400 | max rel diff. = 1.08167
[2025-10-12 18:30:06.228] [jointLog] [info] iteration = 2,500 | max rel diff. = 3.35612
[2025-10-12 18:30:07.396] [jointLog] [info] iteration = 2,600 | max rel diff. = 0.116278
[2025-10-12 18:30:08.552] [jointLog] [info] iteration = 2,700 | max rel diff. = 0.0530084
[2025-10-12 18:30:09.394] [jointLog] [info] iteration = 2,774 | max rel diff. = 0.00896879
[2025-10-12 18:30:09.397] [jointLog] [info] Finished optimizer
[2025-10-12 18:30:09.397] [jointLog] [info] writing output 

