[2025-10-12 18:21:29.423] [jointLog] [info] setting maxHashResizeThreads to 28
[2025-10-12 18:21:29.423] [jointLog] [info] Fragment incompatibility prior below threshold.  Incompatible fragments will be ignored.
[2025-10-12 18:21:29.423] [jointLog] [info] Usage of --validateMappings implies use of minScoreFraction. Since not explicitly specified, it is being set to 0.65
[2025-10-12 18:21:29.423] [jointLog] [info] Setting consensusSlack to selective-alignment default of 0.35.
[2025-10-12 18:21:29.423] [jointLog] [info] parsing read library format
[2025-10-12 18:21:29.423] [jointLog] [info] There is 1 library.
[2025-10-12 18:21:29.423] [jointLog] [info] Loading pufferfish index
[2025-10-12 18:21:29.423] [jointLog] [info] Loading dense pufferfish index.
[2025-10-12 18:21:54.559] [jointLog] [info] done
[2025-10-12 18:21:54.603] [jointLog] [info] Index contained 238,636 targets
[2025-10-12 18:21:54.639] [jointLog] [info] Number of decoys : 194
[2025-10-12 18:21:54.639] [jointLog] [info] First decoy index : 238,404 
[2025-10-12 18:21:54.870] [jointLog] [info] Automatically detected most likely library type as IU

[2025-10-12 18:22:29.262] [jointLog] [info] Computed 472,414 rich equivalence classes for further processing
[2025-10-12 18:22:29.262] [jointLog] [info] Counted 19,997,418 total reads in the equivalence classes 
[2025-10-12 18:22:29.291] [jointLog] [info] Number of mappings discarded because of alignment score : 10,629,673
[2025-10-12 18:22:29.291] [jointLog] [info] Number of fragments entirely discarded because of alignment score : 564,449
[2025-10-12 18:22:29.291] [jointLog] [info] Number of fragments discarded because they are best-mapped to decoys : 365,130
[2025-10-12 18:22:29.291] [jointLog] [info] Number of fragments discarded because they have only dovetail (discordant) mappings to valid targets : 142,319
[2025-10-12 18:22:29.291] [jointLog] [info] Mapping rate = 91.1516%

[2025-10-12 18:22:29.291] [jointLog] [info] finished quantifyLibrary()
[2025-10-12 18:22:29.291] [jointLog] [info] Starting optimizer
[2025-10-12 18:22:29.386] [jointLog] [info] Marked 0 weighted equivalence classes as degenerate
[2025-10-12 18:22:29.398] [jointLog] [info] iteration = 0 | max rel diff. = 4931.76
[2025-10-12 18:22:29.263] [fileLog] [info] 
At end of round 0
==================
Observed 21938637 total fragments (21938637 in most recent round)

[2025-10-12 18:22:30.631] [jointLog] [info] iteration = 100 | max rel diff. = 20.5098
[2025-10-12 18:22:31.842] [jointLog] [info] iteration = 200 | max rel diff. = 15.9011
[2025-10-12 18:22:33.043] [jointLog] [info] iteration = 300 | max rel diff. = 20.144
[2025-10-12 18:22:34.253] [jointLog] [info] iteration = 400 | max rel diff. = 4.24575
[2025-10-12 18:22:35.452] [jointLog] [info] iteration = 500 | max rel diff. = 8.52127
[2025-10-12 18:22:36.660] [jointLog] [info] iteration = 600 | max rel diff. = 3.41198
[2025-10-12 18:22:37.855] [jointLog] [info] iteration = 700 | max rel diff. = 7.79016
[2025-10-12 18:22:39.062] [jointLog] [info] iteration = 800 | max rel diff. = 4.83428
[2025-10-12 18:22:40.265] [jointLog] [info] iteration = 900 | max rel diff. = 5.51488
[2025-10-12 18:22:41.475] [jointLog] [info] iteration = 1,000 | max rel diff. = 0.459102
[2025-10-12 18:22:42.678] [jointLog] [info] iteration = 1,100 | max rel diff. = 0.888561
[2025-10-12 18:22:43.885] [jointLog] [info] iteration = 1,200 | max rel diff. = 0.72264
[2025-10-12 18:22:45.087] [jointLog] [info] iteration = 1,300 | max rel diff. = 0.61351
[2025-10-12 18:22:46.296] [jointLog] [info] iteration = 1,400 | max rel diff. = 0.190506
[2025-10-12 18:22:47.505] [jointLog] [info] iteration = 1,500 | max rel diff. = 1.85317
[2025-10-12 18:22:48.710] [jointLog] [info] iteration = 1,600 | max rel diff. = 0.113628
[2025-10-12 18:22:49.911] [jointLog] [info] iteration = 1,700 | max rel diff. = 0.693078
[2025-10-12 18:22:51.106] [jointLog] [info] iteration = 1,800 | max rel diff. = 3.44956
[2025-10-12 18:22:52.314] [jointLog] [info] iteration = 1,900 | max rel diff. = 0.0526396
[2025-10-12 18:22:53.522] [jointLog] [info] iteration = 2,000 | max rel diff. = 0.0412943
[2025-10-12 18:22:54.723] [jointLog] [info] iteration = 2,100 | max rel diff. = 0.0693141
[2025-10-12 18:22:55.928] [jointLog] [info] iteration = 2,200 | max rel diff. = 0.0642866
[2025-10-12 18:22:56.131] [jointLog] [info] iteration = 2,218 | max rel diff. = 0.00996426
[2025-10-12 18:22:56.134] [jointLog] [info] Finished optimizer
[2025-10-12 18:22:56.134] [jointLog] [info] writing output 

